\BOOKMARK [0][-]{chapter.1}{\376\377\000I\000n\000t\000r\000o\000d\000u\000c\000t\000i\000o\000n}{}% 1
\BOOKMARK [1][-]{section.1.1}{\376\377\000H\000u\000m\000a\000n\000\040\000W\000a\000l\000k\000i\000n\000g\000\040\000B\000i\000o\000m\000e\000c\000h\000a\000n\000i\000c\000s}{chapter.1}% 2
\BOOKMARK [1][-]{section.1.2}{\376\377\000W\000e\000a\000r\000a\000b\000l\000e\000\040\000S\000e\000n\000s\000o\000r\000s}{chapter.1}% 3
\BOOKMARK [1][-]{section.1.3}{\376\377\000S\000t\000a\000t\000i\000s\000t\000i\000c\000a\000l\000\040\000a\000n\000d\000\040\000M\000a\000c\000h\000i\000n\000e\000\040\000L\000e\000a\000r\000n\000i\000n\000g}{chapter.1}% 4
\BOOKMARK [1][-]{section.1.4}{\376\377\000R\000e\000s\000e\000a\000r\000c\000h\000\040\000Q\000u\000e\000s\000t\000i\000o\000n\000s}{chapter.1}% 5
\BOOKMARK [0][-]{chapter.2}{\376\377\000E\000v\000a\000l\000u\000a\000t\000i\000o\000n\000\040\000o\000f\000\040\000p\000r\000o\000p\000u\000l\000s\000i\000o\000n\000\040\000m\000e\000t\000r\000i\000c\000s\000\040\000o\000n\000\040\000l\000o\000n\000g\000\040\000d\000i\000s\000t\000a\000n\000c\000e\000\040\000w\000a\000l\000k\000i\000n\000g\000\040\000f\000u\000n\000c\000t\000i\000o\000n}{}% 6
\BOOKMARK [1][-]{section.2.1}{\376\377\000I\000n\000t\000r\000o\000d\000u\000c\000t\000i\000o\000n}{chapter.2}% 7
\BOOKMARK [1][-]{section.2.2}{\376\377\000M\000e\000t\000h\000o\000d\000s}{chapter.2}% 8
\BOOKMARK [2][-]{subsection.2.2.1}{\376\377\000P\000a\000r\000t\000i\000c\000i\000p\000a\000n\000t\000s}{section.2.2}% 9
\BOOKMARK [2][-]{subsection.2.2.2}{\376\377\000D\000a\000t\000a\000\040\000C\000o\000l\000l\000e\000c\000t\000i\000o\000n}{section.2.2}% 10
\BOOKMARK [2][-]{subsection.2.2.3}{\376\377\000D\000a\000t\000a\000\040\000P\000r\000o\000c\000e\000s\000s\000i\000n\000g}{section.2.2}% 11
\BOOKMARK [2][-]{subsection.2.2.4}{\376\377\000S\000t\000a\000t\000i\000s\000t\000i\000c\000a\000l\000\040\000A\000n\000a\000l\000y\000s\000i\000s}{section.2.2}% 12
\BOOKMARK [1][-]{section.2.3}{\376\377\000R\000e\000s\000u\000l\000t\000s}{chapter.2}% 13
\BOOKMARK [1][-]{section.2.4}{\376\377\000D\000i\000s\000c\000u\000s\000s\000i\000o\000n}{chapter.2}% 14
\BOOKMARK [0][-]{chapter.3}{\376\377\000V\000a\000l\000i\000d\000a\000t\000i\000o\000n\000\040\000o\000f\000\040\000w\000e\000a\000r\000a\000b\000l\000e\000\040\000s\000e\000n\000s\000o\000r\000s\000\040\000f\000o\000r\000\040\000u\000s\000e\000\040\000i\000n\000\040\000e\000s\000t\000i\000m\000a\000t\000i\000n\000g\000\040\000p\000o\000s\000t\000s\000t\000r\000o\000k\000e\000\040\000p\000r\000o\000p\000u\000l\000s\000i\000o\000n\000\040\000i\000n\000\040\000t\000h\000e\000\040\000c\000l\000i\000n\000i\000c}{}% 15
\BOOKMARK [1][-]{section.3.1}{\376\377\000I\000n\000t\000r\000o\000d\000u\000c\000t\000i\000o\000n}{chapter.3}% 16
\BOOKMARK [1][-]{section.3.2}{\376\377\000M\000e\000t\000h\000o\000d\000s}{chapter.3}% 17
\BOOKMARK [2][-]{subsection.3.2.1}{\376\377\000P\000a\000r\000t\000i\000c\000i\000p\000a\000n\000t\000s}{section.3.2}% 18
\BOOKMARK [2][-]{subsection.3.2.2}{\376\377\000D\000a\000t\000a\000\040\000C\000o\000l\000l\000e\000c\000t\000i\000o\000n}{section.3.2}% 19
\BOOKMARK [2][-]{subsection.3.2.3}{\376\377\000D\000a\000t\000a\000\040\000P\000r\000o\000c\000e\000s\000s\000i\000n\000g}{section.3.2}% 20
\BOOKMARK [2][-]{subsection.3.2.4}{}{section.3.2}% 21
\BOOKMARK [1][-]{section.3.3}{\376\377\000R\000e\000s\000u\000l\000t\000s}{chapter.3}% 22
\BOOKMARK [2][-]{subsection.3.3.1}{\376\377\000P\000r\000o\000p\000u\000l\000s\000i\000o\000n\000\040\000M\000e\000t\000r\000i\000c\000s\000\040\000M\000o\000d\000e\000l}{section.3.3}% 23
\BOOKMARK [2][-]{subsection.3.3.2}{\376\377\000A\000P\000G\000R\000F\000\040\000M\000o\000d\000e\000l}{section.3.3}% 24
\BOOKMARK [1][-]{section.3.4}{\376\377\000D\000i\000s\000c\000u\000s\000s\000i\000o\000n}{chapter.3}% 25
\BOOKMARK [2][-]{subsection.3.4.1}{\376\377\000P\000r\000o\000p\000u\000l\000s\000i\000o\000n\000\040\000M\000e\000t\000r\000i\000c\000s\000\040\000M\000o\000d\000e\000l}{section.3.4}% 26
\BOOKMARK [2][-]{subsection.3.4.2}{\376\377\000A\000P\000G\000R\000F\000\040\000M\000o\000d\000e\000l\000s}{section.3.4}% 27
\BOOKMARK [0][-]{chapter.4}{\376\377\000C\000o\000n\000c\000l\000u\000s\000i\000o\000n\000s}{}% 28
\BOOKMARK [0][-]{appendix.1.A}{\376\377\000C\000o\000d\000e\000\040\000f\000o\000r\000\040\000C\000h\000a\000p\000t\000e\000r\000\040\0002}{}% 29
\BOOKMARK [1][-]{section.1.A.1}{\376\377\000T\0001\000\137\000E\000x\000t\000r\000a\000c\000t\000D\000a\000t\000a\000.\000m}{appendix.1.A}% 30
\BOOKMARK [1][-]{section.1.A.2}{\376\377\000T\0002\000\137\000C\000a\000l\000c\000u\000l\000a\000t\000e\000M\000e\000t\000r\000i\000c\000s\000.\000m}{appendix.1.A}% 31
\BOOKMARK [0][-]{appendix.1.B}{\376\377\000C\000o\000d\000e\000\040\000f\000o\000r\000\040\000C\000h\000a\000p\000t\000e\000r\000\040\0003}{}% 32
\BOOKMARK [1][-]{section.1.B.1}{\376\377\000D\0001\000\137\000E\000x\000t\000r\000a\000c\000t\000D\000a\000t\000a\000.\000m}{appendix.1.B}% 33
\BOOKMARK [1][-]{section.1.B.2}{\376\377\000D\0002\000\137\000C\000l\000e\000a\000n\000a\000n\000d\000T\000r\000i\000m\000.\000m}{appendix.1.B}% 34
\BOOKMARK [1][-]{section.1.B.3}{\376\377\000D\0003\000\137\000F\000e\000a\000t\000u\000r\000e\000s\000a\000n\000d\000R\000e\000s\000p\000o\000n\000s\000e\000s\000.\000m}{appendix.1.B}% 35
\BOOKMARK [1][-]{section.1.B.4}{\376\377\000I\000M\000U\000F\000i\000l\000t\000e\000r\000.\000m}{appendix.1.B}% 36
\BOOKMARK [1][-]{section.1.B.5}{\376\377\000I\000M\000U\000S\000t\000a\000n\000c\000e\000.\000m}{appendix.1.B}% 37
\BOOKMARK [1][-]{section.1.B.6}{\376\377\000M\000a\000i\000n\000.\000p\000y}{appendix.1.B}% 38
\BOOKMARK [1][-]{section.1.B.7}{\376\377\000d\000i\000s\000m\000o\000d\000.\000p\000y}{appendix.1.B}% 39
\BOOKMARK [0][-]{appendix*.35}{\376\377\000R\000e\000f\000e\000r\000e\000n\000c\000e\000s}{}% 40
\BOOKMARK [0][-]{appendix.5}{\376\377\000C\000u\000r\000r\000i\000c\000u\000l\000u\000m\000\040\000V\000i\000t\000a\000l\000e}{}% 41
\BOOKMARK [0][-]{appendix.5}{\376\377\000C\000u\000r\000r\000i\000c\000u\000l\000u\000m\000\040\000V\000i\000t\000a\000l\000e}{}% 42
\BOOKMARK [1][-]{section*.36}{\376\377\000E\000x\000p\000e\000r\000i\000e\000n\000c\000e}{appendix.5}% 43
\BOOKMARK [1][-]{section*.37}{\376\377\000E\000d\000u\000c\000a\000t\000i\000o\000n}{appendix.5}% 44
\BOOKMARK [1][-]{section*.38}{\376\377\000T\000e\000c\000h\000n\000i\000c\000a\000l\000\040\000S\000k\000i\000l\000l\000s}{appendix.5}% 45
